
=== STATS for this critical section iteration : 0
Number of messages exchanged = 12
Elapsed time (latency in ms) = 144
=======================================

=== STATS for this critical section iteration : 1
Number of messages exchanged = 12
Elapsed time (latency in ms) = 166
=======================================

=== STATS for this critical section iteration : 2
Number of messages exchanged = 12
Elapsed time (latency in ms) = 84
=======================================

=== STATS for this critical section iteration : 3
Number of messages exchanged = 9
Elapsed time (latency in ms) = 182
=======================================

=== STATS for this critical section iteration : 4
Number of messages exchanged = 9
Elapsed time (latency in ms) = 250
=======================================

=== STATS for this critical section iteration : 5
Number of messages exchanged = 12
Elapsed time (latency in ms) = 113
=======================================

=== STATS for this critical section iteration : 6
Number of messages exchanged = 12
Elapsed time (latency in ms) = 241
=======================================

=== STATS for this critical section iteration : 7
Number of messages exchanged = 12
Elapsed time (latency in ms) = 105
=======================================

=== STATS for this critical section iteration : 8
Number of messages exchanged = 12
Elapsed time (latency in ms) = 205
=======================================

=== STATS for this critical section iteration : 9
Number of messages exchanged = 9
Elapsed time (latency in ms) = 110
=======================================

=== STATS for this critical section iteration : 10
Number of messages exchanged = 9
Elapsed time (latency in ms) = 172
=======================================

=== STATS for this critical section iteration : 11
Number of messages exchanged = 12
Elapsed time (latency in ms) = 186
=======================================

=== STATS for this critical section iteration : 12
Number of messages exchanged = 9
Elapsed time (latency in ms) = 140
=======================================

=== STATS for this critical section iteration : 13
Number of messages exchanged = 9
Elapsed time (latency in ms) = 242
=======================================

=== STATS for this critical section iteration : 14
Number of messages exchanged = 12
Elapsed time (latency in ms) = 108
=======================================

=== STATS for this critical section iteration : 15
Number of messages exchanged = 12
Elapsed time (latency in ms) = 145
=======================================

=== STATS for this critical section iteration : 16
Number of messages exchanged = 9
Elapsed time (latency in ms) = 113
=======================================

=== STATS for this critical section iteration : 17
Number of messages exchanged = 12
Elapsed time (latency in ms) = 180
=======================================

=== STATS for this critical section iteration : 18
Number of messages exchanged = 9
Elapsed time (latency in ms) = 211
=======================================

=== STATS for this critical section iteration : 19
Number of messages exchanged = 9
Elapsed time (latency in ms) = 124
=======================================

=== STATS for entire simulation ===
Number of messages sent = 142
Number of messages received = 71
=======================================
